  ▲ Next.js 14.2.0
  - Environments: .env.local

   Creating an optimized production build ...
 ✓ Compiled successfully
   Linting and checking validity of types ...
   Collecting page data ...
   Generating static pages (0/20) ...
   Generating static pages (5/20) 
   Generating static pages (10/20) 
   Generating static pages (15/20) 
 ✓ Generating static pages (20/20)
   Finalizing page optimization ...
   Collecting build traces ...

Route (app)                              Size     First Load JS
┌ ○ /                                    6.85 kB         147 kB
├ ○ /_not-found                          871 B          87.7 kB
├ ○ /about                               2.64 kB         135 kB
├ ○ /admin                               7.49 kB        94.4 kB
├ ○ /admin/login                         1.01 kB        87.9 kB
├ ƒ /api/[section]                       0 B                0 B
├ ƒ /api/admin/check                     0 B                0 B
├ ƒ /api/admin/data                      0 B                0 B
├ ƒ /api/admin/login                     0 B                0 B
├ ƒ /api/admin/logout                    0 B                0 B
├ ƒ /api/admin/password                  0 B                0 B
├ ƒ /api/chat                            0 B                0 B
├ ƒ /api/send-email                      0 B                0 B
├ ○ /contact                             5.42 kB         133 kB
├ ○ /education                           1.53 kB         129 kB
├ ○ /experience                          3.25 kB         132 kB
├ ○ /projects                            4.58 kB         133 kB
├ ○ /skills                              1.3 kB          129 kB
└ ○ /testimonials                        2.81 kB         131 kB
+ First Load JS shared by all            86.9 kB
  ├ chunks/23-6b5f42f712fc9536.js        31.3 kB
  ├ chunks/fd9d1056-456aadf69dabb0d9.js  53.6 kB
  └ other shared chunks (total)          1.9 kB


○  (Static)   prerendered as static content
ƒ  (Dynamic)  server-rendered on demand

